<?xml version="1.0" encoding="UTF-8"?>
<!-- Generated by org.testng.reporters.JUnitReportReporter -->
<testsuite hostname="LAPTOP-ALVRLO6C" name="pkg1.ClassA" tests="1" failures="0" timestamp="6 Mar 2022 16:16:28 GMT" time="0.016" errors="0">
  <testcase name="method1" time="0.016" classname="pkg1.ClassA"/>
</testsuite> <!-- pkg1.ClassA -->
